ERROR - 2024-08-22 19:56:45 --> mysqli_sql_exception: Table 'dulceria.marca' doesn't exist in /Applications/XAMPP/xamppfiles/htdocs/dulceria/system/Database/MySQLi/Connection.php:312
Stack trace:
#0 /Applications/XAMPP/xamppfiles/htdocs/dulceria/system/Database/MySQLi/Connection.php(312): mysqli->query('SELECT *\nFROM `...', 0)
#1 /Applications/XAMPP/xamppfiles/htdocs/dulceria/system/Database/BaseConnection.php(734): CodeIgniter\Database\MySQLi\Connection->execute('SELECT *\nFROM `...')
#2 /Applications/XAMPP/xamppfiles/htdocs/dulceria/system/Database/BaseConnection.php(648): CodeIgniter\Database\BaseConnection->simpleQuery('SELECT *\nFROM `...')
#3 /Applications/XAMPP/xamppfiles/htdocs/dulceria/system/Database/BaseBuilder.php(1644): CodeIgniter\Database\BaseConnection->query('SELECT *\nFROM `...', Array, false)
#4 /Applications/XAMPP/xamppfiles/htdocs/dulceria/system/Model.php(286): CodeIgniter\Database\BaseBuilder->get()
#5 /Applications/XAMPP/xamppfiles/htdocs/dulceria/system/BaseModel.php(676): CodeIgniter\Model->doFindAll(0, 0)
#6 /Applications/XAMPP/xamppfiles/htdocs/dulceria/app/Controllers/Marcas.php(12): CodeIgniter\BaseModel->findAll()
#7 /Applications/XAMPP/xamppfiles/htdocs/dulceria/system/CodeIgniter.php(933): App\Controllers\Marcas->index()
#8 /Applications/XAMPP/xamppfiles/htdocs/dulceria/system/CodeIgniter.php(509): CodeIgniter\CodeIgniter->runController(Object(App\Controllers\Marcas))
#9 /Applications/XAMPP/xamppfiles/htdocs/dulceria/system/CodeIgniter.php(355): CodeIgniter\CodeIgniter->handleRequest(NULL, Object(Config\Cache), false)
#10 /Applications/XAMPP/xamppfiles/htdocs/dulceria/system/Boot.php(325): CodeIgniter\CodeIgniter->run()
#11 /Applications/XAMPP/xamppfiles/htdocs/dulceria/system/Boot.php(67): CodeIgniter\Boot::runCodeIgniter(Object(CodeIgniter\CodeIgniter))
#12 /Applications/XAMPP/xamppfiles/htdocs/dulceria/public/index.php(56): CodeIgniter\Boot::bootWeb(Object(Config\Paths))
#13 /Applications/XAMPP/xamppfiles/htdocs/dulceria/system/rewrite.php(44): require_once('/Applications/X...')
#14 {main}
CRITICAL - 2024-08-22 19:56:45 --> CodeIgniter\Database\Exceptions\DatabaseException: Table 'dulceria.marca' doesn't exist
[Method: GET, Route: marcas]
in SYSTEMPATH/Database/BaseConnection.php on line 688.
 1 SYSTEMPATH/Database/BaseBuilder.php(1644): CodeIgniter\Database\BaseConnection->query('SELECT *
FROM `Marca`
WHERE `Marca`.`deleted_at` IS NULL', [], false)
 2 SYSTEMPATH/Model.php(286): CodeIgniter\Database\BaseBuilder->get()
 3 SYSTEMPATH/BaseModel.php(676): CodeIgniter\Model->doFindAll(0, 0)
 4 APPPATH/Controllers/Marcas.php(12): CodeIgniter\BaseModel->findAll()
 5 SYSTEMPATH/CodeIgniter.php(933): App\Controllers\Marcas->index()
 6 SYSTEMPATH/CodeIgniter.php(509): CodeIgniter\CodeIgniter->runController(Object(App\Controllers\Marcas))
 7 SYSTEMPATH/CodeIgniter.php(355): CodeIgniter\CodeIgniter->handleRequest(null, Object(Config\Cache), false)
 8 SYSTEMPATH/Boot.php(325): CodeIgniter\CodeIgniter->run()
 9 SYSTEMPATH/Boot.php(67): CodeIgniter\Boot::runCodeIgniter(Object(CodeIgniter\CodeIgniter))
10 FCPATH/index.php(56): CodeIgniter\Boot::bootWeb(Object(Config\Paths))
11 SYSTEMPATH/rewrite.php(44): require_once('/Applications/XAMPP/xamppfiles/htdocs/dulceria/public/index.php')
CRITICAL - 2024-08-22 19:56:45 --> [Caused by] CodeIgniter\Database\Exceptions\DatabaseException: Table 'dulceria.marca' doesn't exist
in SYSTEMPATH/Database/MySQLi/Connection.php on line 317.
 1 SYSTEMPATH/Database/BaseConnection.php(734): CodeIgniter\Database\MySQLi\Connection->execute('SELECT *
FROM `Marca`
WHERE `Marca`.`deleted_at` IS NULL')
 2 SYSTEMPATH/Database/BaseConnection.php(648): CodeIgniter\Database\BaseConnection->simpleQuery('SELECT *
FROM `Marca`
WHERE `Marca`.`deleted_at` IS NULL')
 3 SYSTEMPATH/Database/BaseBuilder.php(1644): CodeIgniter\Database\BaseConnection->query('SELECT *
FROM `Marca`
WHERE `Marca`.`deleted_at` IS NULL', [], false)
 4 SYSTEMPATH/Model.php(286): CodeIgniter\Database\BaseBuilder->get()
 5 SYSTEMPATH/BaseModel.php(676): CodeIgniter\Model->doFindAll(0, 0)
 6 APPPATH/Controllers/Marcas.php(12): CodeIgniter\BaseModel->findAll()
 7 SYSTEMPATH/CodeIgniter.php(933): App\Controllers\Marcas->index()
 8 SYSTEMPATH/CodeIgniter.php(509): CodeIgniter\CodeIgniter->runController(Object(App\Controllers\Marcas))
 9 SYSTEMPATH/CodeIgniter.php(355): CodeIgniter\CodeIgniter->handleRequest(null, Object(Config\Cache), false)
10 SYSTEMPATH/Boot.php(325): CodeIgniter\CodeIgniter->run()
11 SYSTEMPATH/Boot.php(67): CodeIgniter\Boot::runCodeIgniter(Object(CodeIgniter\CodeIgniter))
12 FCPATH/index.php(56): CodeIgniter\Boot::bootWeb(Object(Config\Paths))
13 SYSTEMPATH/rewrite.php(44): require_once('/Applications/XAMPP/xamppfiles/htdocs/dulceria/public/index.php')
CRITICAL - 2024-08-22 19:56:45 --> [Caused by] mysqli_sql_exception: Table 'dulceria.marca' doesn't exist
in SYSTEMPATH/Database/MySQLi/Connection.php on line 312.
 1 SYSTEMPATH/Database/MySQLi/Connection.php(312): mysqli->query('SELECT *
FROM `Marca`
WHERE `Marca`.`deleted_at` IS NULL', 0)
 2 SYSTEMPATH/Database/BaseConnection.php(734): CodeIgniter\Database\MySQLi\Connection->execute('SELECT *
FROM `Marca`
WHERE `Marca`.`deleted_at` IS NULL')
 3 SYSTEMPATH/Database/BaseConnection.php(648): CodeIgniter\Database\BaseConnection->simpleQuery('SELECT *
FROM `Marca`
WHERE `Marca`.`deleted_at` IS NULL')
 4 SYSTEMPATH/Database/BaseBuilder.php(1644): CodeIgniter\Database\BaseConnection->query('SELECT *
FROM `Marca`
WHERE `Marca`.`deleted_at` IS NULL', [], false)
 5 SYSTEMPATH/Model.php(286): CodeIgniter\Database\BaseBuilder->get()
 6 SYSTEMPATH/BaseModel.php(676): CodeIgniter\Model->doFindAll(0, 0)
 7 APPPATH/Controllers/Marcas.php(12): CodeIgniter\BaseModel->findAll()
 8 SYSTEMPATH/CodeIgniter.php(933): App\Controllers\Marcas->index()
 9 SYSTEMPATH/CodeIgniter.php(509): CodeIgniter\CodeIgniter->runController(Object(App\Controllers\Marcas))
10 SYSTEMPATH/CodeIgniter.php(355): CodeIgniter\CodeIgniter->handleRequest(null, Object(Config\Cache), false)
11 SYSTEMPATH/Boot.php(325): CodeIgniter\CodeIgniter->run()
12 SYSTEMPATH/Boot.php(67): CodeIgniter\Boot::runCodeIgniter(Object(CodeIgniter\CodeIgniter))
13 FCPATH/index.php(56): CodeIgniter\Boot::bootWeb(Object(Config\Paths))
14 SYSTEMPATH/rewrite.php(44): require_once('/Applications/XAMPP/xamppfiles/htdocs/dulceria/public/index.php')
ERROR - 2024-08-22 19:59:04 --> mysqli_sql_exception: Table 'dulceria.marca' doesn't exist in /Applications/XAMPP/xamppfiles/htdocs/dulceria/system/Database/MySQLi/Connection.php:312
Stack trace:
#0 /Applications/XAMPP/xamppfiles/htdocs/dulceria/system/Database/MySQLi/Connection.php(312): mysqli->query('SELECT *\nFROM `...', 0)
#1 /Applications/XAMPP/xamppfiles/htdocs/dulceria/system/Database/BaseConnection.php(734): CodeIgniter\Database\MySQLi\Connection->execute('SELECT *\nFROM `...')
#2 /Applications/XAMPP/xamppfiles/htdocs/dulceria/system/Database/BaseConnection.php(648): CodeIgniter\Database\BaseConnection->simpleQuery('SELECT *\nFROM `...')
#3 /Applications/XAMPP/xamppfiles/htdocs/dulceria/system/Database/BaseBuilder.php(1644): CodeIgniter\Database\BaseConnection->query('SELECT *\nFROM `...', Array, false)
#4 /Applications/XAMPP/xamppfiles/htdocs/dulceria/system/Model.php(286): CodeIgniter\Database\BaseBuilder->get()
#5 /Applications/XAMPP/xamppfiles/htdocs/dulceria/system/BaseModel.php(676): CodeIgniter\Model->doFindAll(0, 0)
#6 /Applications/XAMPP/xamppfiles/htdocs/dulceria/app/Controllers/Marcas.php(12): CodeIgniter\BaseModel->findAll()
#7 /Applications/XAMPP/xamppfiles/htdocs/dulceria/system/CodeIgniter.php(933): App\Controllers\Marcas->index()
#8 /Applications/XAMPP/xamppfiles/htdocs/dulceria/system/CodeIgniter.php(509): CodeIgniter\CodeIgniter->runController(Object(App\Controllers\Marcas))
#9 /Applications/XAMPP/xamppfiles/htdocs/dulceria/system/CodeIgniter.php(355): CodeIgniter\CodeIgniter->handleRequest(NULL, Object(Config\Cache), false)
#10 /Applications/XAMPP/xamppfiles/htdocs/dulceria/system/Boot.php(325): CodeIgniter\CodeIgniter->run()
#11 /Applications/XAMPP/xamppfiles/htdocs/dulceria/system/Boot.php(67): CodeIgniter\Boot::runCodeIgniter(Object(CodeIgniter\CodeIgniter))
#12 /Applications/XAMPP/xamppfiles/htdocs/dulceria/public/index.php(56): CodeIgniter\Boot::bootWeb(Object(Config\Paths))
#13 /Applications/XAMPP/xamppfiles/htdocs/dulceria/system/rewrite.php(44): require_once('/Applications/X...')
#14 {main}
CRITICAL - 2024-08-22 19:59:04 --> CodeIgniter\Database\Exceptions\DatabaseException: Table 'dulceria.marca' doesn't exist
[Method: GET, Route: marcas]
in SYSTEMPATH/Database/BaseConnection.php on line 688.
 1 SYSTEMPATH/Database/BaseBuilder.php(1644): CodeIgniter\Database\BaseConnection->query('SELECT *
FROM `Marca`
WHERE `Marca`.`deleted_at` IS NULL', [], false)
 2 SYSTEMPATH/Model.php(286): CodeIgniter\Database\BaseBuilder->get()
 3 SYSTEMPATH/BaseModel.php(676): CodeIgniter\Model->doFindAll(0, 0)
 4 APPPATH/Controllers/Marcas.php(12): CodeIgniter\BaseModel->findAll()
 5 SYSTEMPATH/CodeIgniter.php(933): App\Controllers\Marcas->index()
 6 SYSTEMPATH/CodeIgniter.php(509): CodeIgniter\CodeIgniter->runController(Object(App\Controllers\Marcas))
 7 SYSTEMPATH/CodeIgniter.php(355): CodeIgniter\CodeIgniter->handleRequest(null, Object(Config\Cache), false)
 8 SYSTEMPATH/Boot.php(325): CodeIgniter\CodeIgniter->run()
 9 SYSTEMPATH/Boot.php(67): CodeIgniter\Boot::runCodeIgniter(Object(CodeIgniter\CodeIgniter))
10 FCPATH/index.php(56): CodeIgniter\Boot::bootWeb(Object(Config\Paths))
11 SYSTEMPATH/rewrite.php(44): require_once('/Applications/XAMPP/xamppfiles/htdocs/dulceria/public/index.php')
CRITICAL - 2024-08-22 19:59:04 --> [Caused by] CodeIgniter\Database\Exceptions\DatabaseException: Table 'dulceria.marca' doesn't exist
in SYSTEMPATH/Database/MySQLi/Connection.php on line 317.
 1 SYSTEMPATH/Database/BaseConnection.php(734): CodeIgniter\Database\MySQLi\Connection->execute('SELECT *
FROM `Marca`
WHERE `Marca`.`deleted_at` IS NULL')
 2 SYSTEMPATH/Database/BaseConnection.php(648): CodeIgniter\Database\BaseConnection->simpleQuery('SELECT *
FROM `Marca`
WHERE `Marca`.`deleted_at` IS NULL')
 3 SYSTEMPATH/Database/BaseBuilder.php(1644): CodeIgniter\Database\BaseConnection->query('SELECT *
FROM `Marca`
WHERE `Marca`.`deleted_at` IS NULL', [], false)
 4 SYSTEMPATH/Model.php(286): CodeIgniter\Database\BaseBuilder->get()
 5 SYSTEMPATH/BaseModel.php(676): CodeIgniter\Model->doFindAll(0, 0)
 6 APPPATH/Controllers/Marcas.php(12): CodeIgniter\BaseModel->findAll()
 7 SYSTEMPATH/CodeIgniter.php(933): App\Controllers\Marcas->index()
 8 SYSTEMPATH/CodeIgniter.php(509): CodeIgniter\CodeIgniter->runController(Object(App\Controllers\Marcas))
 9 SYSTEMPATH/CodeIgniter.php(355): CodeIgniter\CodeIgniter->handleRequest(null, Object(Config\Cache), false)
10 SYSTEMPATH/Boot.php(325): CodeIgniter\CodeIgniter->run()
11 SYSTEMPATH/Boot.php(67): CodeIgniter\Boot::runCodeIgniter(Object(CodeIgniter\CodeIgniter))
12 FCPATH/index.php(56): CodeIgniter\Boot::bootWeb(Object(Config\Paths))
13 SYSTEMPATH/rewrite.php(44): require_once('/Applications/XAMPP/xamppfiles/htdocs/dulceria/public/index.php')
CRITICAL - 2024-08-22 19:59:04 --> [Caused by] mysqli_sql_exception: Table 'dulceria.marca' doesn't exist
in SYSTEMPATH/Database/MySQLi/Connection.php on line 312.
 1 SYSTEMPATH/Database/MySQLi/Connection.php(312): mysqli->query('SELECT *
FROM `Marca`
WHERE `Marca`.`deleted_at` IS NULL', 0)
 2 SYSTEMPATH/Database/BaseConnection.php(734): CodeIgniter\Database\MySQLi\Connection->execute('SELECT *
FROM `Marca`
WHERE `Marca`.`deleted_at` IS NULL')
 3 SYSTEMPATH/Database/BaseConnection.php(648): CodeIgniter\Database\BaseConnection->simpleQuery('SELECT *
FROM `Marca`
WHERE `Marca`.`deleted_at` IS NULL')
 4 SYSTEMPATH/Database/BaseBuilder.php(1644): CodeIgniter\Database\BaseConnection->query('SELECT *
FROM `Marca`
WHERE `Marca`.`deleted_at` IS NULL', [], false)
 5 SYSTEMPATH/Model.php(286): CodeIgniter\Database\BaseBuilder->get()
 6 SYSTEMPATH/BaseModel.php(676): CodeIgniter\Model->doFindAll(0, 0)
 7 APPPATH/Controllers/Marcas.php(12): CodeIgniter\BaseModel->findAll()
 8 SYSTEMPATH/CodeIgniter.php(933): App\Controllers\Marcas->index()
 9 SYSTEMPATH/CodeIgniter.php(509): CodeIgniter\CodeIgniter->runController(Object(App\Controllers\Marcas))
10 SYSTEMPATH/CodeIgniter.php(355): CodeIgniter\CodeIgniter->handleRequest(null, Object(Config\Cache), false)
11 SYSTEMPATH/Boot.php(325): CodeIgniter\CodeIgniter->run()
12 SYSTEMPATH/Boot.php(67): CodeIgniter\Boot::runCodeIgniter(Object(CodeIgniter\CodeIgniter))
13 FCPATH/index.php(56): CodeIgniter\Boot::bootWeb(Object(Config\Paths))
14 SYSTEMPATH/rewrite.php(44): require_once('/Applications/XAMPP/xamppfiles/htdocs/dulceria/public/index.php')
ERROR - 2024-08-22 20:07:03 --> mysqli_sql_exception: Unknown column 'Marca.deleted_at' in 'where clause' in /Applications/XAMPP/xamppfiles/htdocs/dulceria/system/Database/MySQLi/Connection.php:312
Stack trace:
#0 /Applications/XAMPP/xamppfiles/htdocs/dulceria/system/Database/MySQLi/Connection.php(312): mysqli->query('SELECT *\nFROM `...', 0)
#1 /Applications/XAMPP/xamppfiles/htdocs/dulceria/system/Database/BaseConnection.php(734): CodeIgniter\Database\MySQLi\Connection->execute('SELECT *\nFROM `...')
#2 /Applications/XAMPP/xamppfiles/htdocs/dulceria/system/Database/BaseConnection.php(648): CodeIgniter\Database\BaseConnection->simpleQuery('SELECT *\nFROM `...')
#3 /Applications/XAMPP/xamppfiles/htdocs/dulceria/system/Database/BaseBuilder.php(1644): CodeIgniter\Database\BaseConnection->query('SELECT *\nFROM `...', Array, false)
#4 /Applications/XAMPP/xamppfiles/htdocs/dulceria/system/Model.php(286): CodeIgniter\Database\BaseBuilder->get()
#5 /Applications/XAMPP/xamppfiles/htdocs/dulceria/system/BaseModel.php(676): CodeIgniter\Model->doFindAll(0, 0)
#6 /Applications/XAMPP/xamppfiles/htdocs/dulceria/app/Controllers/Marcas.php(12): CodeIgniter\BaseModel->findAll()
#7 /Applications/XAMPP/xamppfiles/htdocs/dulceria/system/CodeIgniter.php(933): App\Controllers\Marcas->index()
#8 /Applications/XAMPP/xamppfiles/htdocs/dulceria/system/CodeIgniter.php(509): CodeIgniter\CodeIgniter->runController(Object(App\Controllers\Marcas))
#9 /Applications/XAMPP/xamppfiles/htdocs/dulceria/system/CodeIgniter.php(355): CodeIgniter\CodeIgniter->handleRequest(NULL, Object(Config\Cache), false)
#10 /Applications/XAMPP/xamppfiles/htdocs/dulceria/system/Boot.php(325): CodeIgniter\CodeIgniter->run()
#11 /Applications/XAMPP/xamppfiles/htdocs/dulceria/system/Boot.php(67): CodeIgniter\Boot::runCodeIgniter(Object(CodeIgniter\CodeIgniter))
#12 /Applications/XAMPP/xamppfiles/htdocs/dulceria/public/index.php(56): CodeIgniter\Boot::bootWeb(Object(Config\Paths))
#13 /Applications/XAMPP/xamppfiles/htdocs/dulceria/system/rewrite.php(44): require_once('/Applications/X...')
#14 {main}
CRITICAL - 2024-08-22 20:07:03 --> CodeIgniter\Database\Exceptions\DatabaseException: Unknown column 'Marca.deleted_at' in 'where clause'
[Method: GET, Route: marcas]
in SYSTEMPATH/Database/BaseConnection.php on line 688.
 1 SYSTEMPATH/Database/BaseBuilder.php(1644): CodeIgniter\Database\BaseConnection->query('SELECT *
FROM `Marca`
WHERE `Marca`.`deleted_at` IS NULL', [], false)
 2 SYSTEMPATH/Model.php(286): CodeIgniter\Database\BaseBuilder->get()
 3 SYSTEMPATH/BaseModel.php(676): CodeIgniter\Model->doFindAll(0, 0)
 4 APPPATH/Controllers/Marcas.php(12): CodeIgniter\BaseModel->findAll()
 5 SYSTEMPATH/CodeIgniter.php(933): App\Controllers\Marcas->index()
 6 SYSTEMPATH/CodeIgniter.php(509): CodeIgniter\CodeIgniter->runController(Object(App\Controllers\Marcas))
 7 SYSTEMPATH/CodeIgniter.php(355): CodeIgniter\CodeIgniter->handleRequest(null, Object(Config\Cache), false)
 8 SYSTEMPATH/Boot.php(325): CodeIgniter\CodeIgniter->run()
 9 SYSTEMPATH/Boot.php(67): CodeIgniter\Boot::runCodeIgniter(Object(CodeIgniter\CodeIgniter))
10 FCPATH/index.php(56): CodeIgniter\Boot::bootWeb(Object(Config\Paths))
11 SYSTEMPATH/rewrite.php(44): require_once('/Applications/XAMPP/xamppfiles/htdocs/dulceria/public/index.php')
CRITICAL - 2024-08-22 20:07:03 --> [Caused by] CodeIgniter\Database\Exceptions\DatabaseException: Unknown column 'Marca.deleted_at' in 'where clause'
in SYSTEMPATH/Database/MySQLi/Connection.php on line 317.
 1 SYSTEMPATH/Database/BaseConnection.php(734): CodeIgniter\Database\MySQLi\Connection->execute('SELECT *
FROM `Marca`
WHERE `Marca`.`deleted_at` IS NULL')
 2 SYSTEMPATH/Database/BaseConnection.php(648): CodeIgniter\Database\BaseConnection->simpleQuery('SELECT *
FROM `Marca`
WHERE `Marca`.`deleted_at` IS NULL')
 3 SYSTEMPATH/Database/BaseBuilder.php(1644): CodeIgniter\Database\BaseConnection->query('SELECT *
FROM `Marca`
WHERE `Marca`.`deleted_at` IS NULL', [], false)
 4 SYSTEMPATH/Model.php(286): CodeIgniter\Database\BaseBuilder->get()
 5 SYSTEMPATH/BaseModel.php(676): CodeIgniter\Model->doFindAll(0, 0)
 6 APPPATH/Controllers/Marcas.php(12): CodeIgniter\BaseModel->findAll()
 7 SYSTEMPATH/CodeIgniter.php(933): App\Controllers\Marcas->index()
 8 SYSTEMPATH/CodeIgniter.php(509): CodeIgniter\CodeIgniter->runController(Object(App\Controllers\Marcas))
 9 SYSTEMPATH/CodeIgniter.php(355): CodeIgniter\CodeIgniter->handleRequest(null, Object(Config\Cache), false)
10 SYSTEMPATH/Boot.php(325): CodeIgniter\CodeIgniter->run()
11 SYSTEMPATH/Boot.php(67): CodeIgniter\Boot::runCodeIgniter(Object(CodeIgniter\CodeIgniter))
12 FCPATH/index.php(56): CodeIgniter\Boot::bootWeb(Object(Config\Paths))
13 SYSTEMPATH/rewrite.php(44): require_once('/Applications/XAMPP/xamppfiles/htdocs/dulceria/public/index.php')
CRITICAL - 2024-08-22 20:07:03 --> [Caused by] mysqli_sql_exception: Unknown column 'Marca.deleted_at' in 'where clause'
in SYSTEMPATH/Database/MySQLi/Connection.php on line 312.
 1 SYSTEMPATH/Database/MySQLi/Connection.php(312): mysqli->query('SELECT *
FROM `Marca`
WHERE `Marca`.`deleted_at` IS NULL', 0)
 2 SYSTEMPATH/Database/BaseConnection.php(734): CodeIgniter\Database\MySQLi\Connection->execute('SELECT *
FROM `Marca`
WHERE `Marca`.`deleted_at` IS NULL')
 3 SYSTEMPATH/Database/BaseConnection.php(648): CodeIgniter\Database\BaseConnection->simpleQuery('SELECT *
FROM `Marca`
WHERE `Marca`.`deleted_at` IS NULL')
 4 SYSTEMPATH/Database/BaseBuilder.php(1644): CodeIgniter\Database\BaseConnection->query('SELECT *
FROM `Marca`
WHERE `Marca`.`deleted_at` IS NULL', [], false)
 5 SYSTEMPATH/Model.php(286): CodeIgniter\Database\BaseBuilder->get()
 6 SYSTEMPATH/BaseModel.php(676): CodeIgniter\Model->doFindAll(0, 0)
 7 APPPATH/Controllers/Marcas.php(12): CodeIgniter\BaseModel->findAll()
 8 SYSTEMPATH/CodeIgniter.php(933): App\Controllers\Marcas->index()
 9 SYSTEMPATH/CodeIgniter.php(509): CodeIgniter\CodeIgniter->runController(Object(App\Controllers\Marcas))
10 SYSTEMPATH/CodeIgniter.php(355): CodeIgniter\CodeIgniter->handleRequest(null, Object(Config\Cache), false)
11 SYSTEMPATH/Boot.php(325): CodeIgniter\CodeIgniter->run()
12 SYSTEMPATH/Boot.php(67): CodeIgniter\Boot::runCodeIgniter(Object(CodeIgniter\CodeIgniter))
13 FCPATH/index.php(56): CodeIgniter\Boot::bootWeb(Object(Config\Paths))
14 SYSTEMPATH/rewrite.php(44): require_once('/Applications/XAMPP/xamppfiles/htdocs/dulceria/public/index.php')
ERROR - 2024-08-22 20:07:05 --> mysqli_sql_exception: Unknown column 'Marca.deleted_at' in 'where clause' in /Applications/XAMPP/xamppfiles/htdocs/dulceria/system/Database/MySQLi/Connection.php:312
Stack trace:
#0 /Applications/XAMPP/xamppfiles/htdocs/dulceria/system/Database/MySQLi/Connection.php(312): mysqli->query('SELECT *\nFROM `...', 0)
#1 /Applications/XAMPP/xamppfiles/htdocs/dulceria/system/Database/BaseConnection.php(734): CodeIgniter\Database\MySQLi\Connection->execute('SELECT *\nFROM `...')
#2 /Applications/XAMPP/xamppfiles/htdocs/dulceria/system/Database/BaseConnection.php(648): CodeIgniter\Database\BaseConnection->simpleQuery('SELECT *\nFROM `...')
#3 /Applications/XAMPP/xamppfiles/htdocs/dulceria/system/Database/BaseBuilder.php(1644): CodeIgniter\Database\BaseConnection->query('SELECT *\nFROM `...', Array, false)
#4 /Applications/XAMPP/xamppfiles/htdocs/dulceria/system/Model.php(286): CodeIgniter\Database\BaseBuilder->get()
#5 /Applications/XAMPP/xamppfiles/htdocs/dulceria/system/BaseModel.php(676): CodeIgniter\Model->doFindAll(0, 0)
#6 /Applications/XAMPP/xamppfiles/htdocs/dulceria/app/Controllers/Marcas.php(12): CodeIgniter\BaseModel->findAll()
#7 /Applications/XAMPP/xamppfiles/htdocs/dulceria/system/CodeIgniter.php(933): App\Controllers\Marcas->index()
#8 /Applications/XAMPP/xamppfiles/htdocs/dulceria/system/CodeIgniter.php(509): CodeIgniter\CodeIgniter->runController(Object(App\Controllers\Marcas))
#9 /Applications/XAMPP/xamppfiles/htdocs/dulceria/system/CodeIgniter.php(355): CodeIgniter\CodeIgniter->handleRequest(NULL, Object(Config\Cache), false)
#10 /Applications/XAMPP/xamppfiles/htdocs/dulceria/system/Boot.php(325): CodeIgniter\CodeIgniter->run()
#11 /Applications/XAMPP/xamppfiles/htdocs/dulceria/system/Boot.php(67): CodeIgniter\Boot::runCodeIgniter(Object(CodeIgniter\CodeIgniter))
#12 /Applications/XAMPP/xamppfiles/htdocs/dulceria/public/index.php(56): CodeIgniter\Boot::bootWeb(Object(Config\Paths))
#13 /Applications/XAMPP/xamppfiles/htdocs/dulceria/system/rewrite.php(44): require_once('/Applications/X...')
#14 {main}
CRITICAL - 2024-08-22 20:07:05 --> CodeIgniter\Database\Exceptions\DatabaseException: Unknown column 'Marca.deleted_at' in 'where clause'
[Method: GET, Route: marcas]
in SYSTEMPATH/Database/BaseConnection.php on line 688.
 1 SYSTEMPATH/Database/BaseBuilder.php(1644): CodeIgniter\Database\BaseConnection->query('SELECT *
FROM `Marca`
WHERE `Marca`.`deleted_at` IS NULL', [], false)
 2 SYSTEMPATH/Model.php(286): CodeIgniter\Database\BaseBuilder->get()
 3 SYSTEMPATH/BaseModel.php(676): CodeIgniter\Model->doFindAll(0, 0)
 4 APPPATH/Controllers/Marcas.php(12): CodeIgniter\BaseModel->findAll()
 5 SYSTEMPATH/CodeIgniter.php(933): App\Controllers\Marcas->index()
 6 SYSTEMPATH/CodeIgniter.php(509): CodeIgniter\CodeIgniter->runController(Object(App\Controllers\Marcas))
 7 SYSTEMPATH/CodeIgniter.php(355): CodeIgniter\CodeIgniter->handleRequest(null, Object(Config\Cache), false)
 8 SYSTEMPATH/Boot.php(325): CodeIgniter\CodeIgniter->run()
 9 SYSTEMPATH/Boot.php(67): CodeIgniter\Boot::runCodeIgniter(Object(CodeIgniter\CodeIgniter))
10 FCPATH/index.php(56): CodeIgniter\Boot::bootWeb(Object(Config\Paths))
11 SYSTEMPATH/rewrite.php(44): require_once('/Applications/XAMPP/xamppfiles/htdocs/dulceria/public/index.php')
CRITICAL - 2024-08-22 20:07:05 --> [Caused by] CodeIgniter\Database\Exceptions\DatabaseException: Unknown column 'Marca.deleted_at' in 'where clause'
in SYSTEMPATH/Database/MySQLi/Connection.php on line 317.
 1 SYSTEMPATH/Database/BaseConnection.php(734): CodeIgniter\Database\MySQLi\Connection->execute('SELECT *
FROM `Marca`
WHERE `Marca`.`deleted_at` IS NULL')
 2 SYSTEMPATH/Database/BaseConnection.php(648): CodeIgniter\Database\BaseConnection->simpleQuery('SELECT *
FROM `Marca`
WHERE `Marca`.`deleted_at` IS NULL')
 3 SYSTEMPATH/Database/BaseBuilder.php(1644): CodeIgniter\Database\BaseConnection->query('SELECT *
FROM `Marca`
WHERE `Marca`.`deleted_at` IS NULL', [], false)
 4 SYSTEMPATH/Model.php(286): CodeIgniter\Database\BaseBuilder->get()
 5 SYSTEMPATH/BaseModel.php(676): CodeIgniter\Model->doFindAll(0, 0)
 6 APPPATH/Controllers/Marcas.php(12): CodeIgniter\BaseModel->findAll()
 7 SYSTEMPATH/CodeIgniter.php(933): App\Controllers\Marcas->index()
 8 SYSTEMPATH/CodeIgniter.php(509): CodeIgniter\CodeIgniter->runController(Object(App\Controllers\Marcas))
 9 SYSTEMPATH/CodeIgniter.php(355): CodeIgniter\CodeIgniter->handleRequest(null, Object(Config\Cache), false)
10 SYSTEMPATH/Boot.php(325): CodeIgniter\CodeIgniter->run()
11 SYSTEMPATH/Boot.php(67): CodeIgniter\Boot::runCodeIgniter(Object(CodeIgniter\CodeIgniter))
12 FCPATH/index.php(56): CodeIgniter\Boot::bootWeb(Object(Config\Paths))
13 SYSTEMPATH/rewrite.php(44): require_once('/Applications/XAMPP/xamppfiles/htdocs/dulceria/public/index.php')
CRITICAL - 2024-08-22 20:07:05 --> [Caused by] mysqli_sql_exception: Unknown column 'Marca.deleted_at' in 'where clause'
in SYSTEMPATH/Database/MySQLi/Connection.php on line 312.
 1 SYSTEMPATH/Database/MySQLi/Connection.php(312): mysqli->query('SELECT *
FROM `Marca`
WHERE `Marca`.`deleted_at` IS NULL', 0)
 2 SYSTEMPATH/Database/BaseConnection.php(734): CodeIgniter\Database\MySQLi\Connection->execute('SELECT *
FROM `Marca`
WHERE `Marca`.`deleted_at` IS NULL')
 3 SYSTEMPATH/Database/BaseConnection.php(648): CodeIgniter\Database\BaseConnection->simpleQuery('SELECT *
FROM `Marca`
WHERE `Marca`.`deleted_at` IS NULL')
 4 SYSTEMPATH/Database/BaseBuilder.php(1644): CodeIgniter\Database\BaseConnection->query('SELECT *
FROM `Marca`
WHERE `Marca`.`deleted_at` IS NULL', [], false)
 5 SYSTEMPATH/Model.php(286): CodeIgniter\Database\BaseBuilder->get()
 6 SYSTEMPATH/BaseModel.php(676): CodeIgniter\Model->doFindAll(0, 0)
 7 APPPATH/Controllers/Marcas.php(12): CodeIgniter\BaseModel->findAll()
 8 SYSTEMPATH/CodeIgniter.php(933): App\Controllers\Marcas->index()
 9 SYSTEMPATH/CodeIgniter.php(509): CodeIgniter\CodeIgniter->runController(Object(App\Controllers\Marcas))
10 SYSTEMPATH/CodeIgniter.php(355): CodeIgniter\CodeIgniter->handleRequest(null, Object(Config\Cache), false)
11 SYSTEMPATH/Boot.php(325): CodeIgniter\CodeIgniter->run()
12 SYSTEMPATH/Boot.php(67): CodeIgniter\Boot::runCodeIgniter(Object(CodeIgniter\CodeIgniter))
13 FCPATH/index.php(56): CodeIgniter\Boot::bootWeb(Object(Config\Paths))
14 SYSTEMPATH/rewrite.php(44): require_once('/Applications/XAMPP/xamppfiles/htdocs/dulceria/public/index.php')
CRITICAL - 2024-08-22 20:12:59 --> ErrorException: Undefined property: stdClass::$idMarca
[Method: GET, Route: marcas]
in APPPATH/Views/marcas/show.php on line 21.
 1 APPPATH/Views/marcas/show.php(21): CodeIgniter\Debug\Exceptions->errorHandler(2, 'Undefined property: stdClass::$idMarca', '/Applications/XAMPP/xamppfiles/htdocs/dulceria/app/Views/marcas/show.php', 21)
 2 SYSTEMPATH/View/View.php(234): include('/Applications/XAMPP/xamppfiles/htdocs/dulceria/app/Views/marcas/show.php')
 3 SYSTEMPATH/View/View.php(237): CodeIgniter\View\View->CodeIgniter\View\{closure}()
 4 SYSTEMPATH/Common.php(1169): CodeIgniter\View\View->render('marcas/show', [], true)
 5 APPPATH/Controllers/Marcas.php(15): view('marcas/show', [...])
 6 SYSTEMPATH/CodeIgniter.php(933): App\Controllers\Marcas->index()
 7 SYSTEMPATH/CodeIgniter.php(509): CodeIgniter\CodeIgniter->runController(Object(App\Controllers\Marcas))
 8 SYSTEMPATH/CodeIgniter.php(355): CodeIgniter\CodeIgniter->handleRequest(null, Object(Config\Cache), false)
 9 SYSTEMPATH/Boot.php(325): CodeIgniter\CodeIgniter->run()
10 SYSTEMPATH/Boot.php(67): CodeIgniter\Boot::runCodeIgniter(Object(CodeIgniter\CodeIgniter))
11 FCPATH/index.php(56): CodeIgniter\Boot::bootWeb(Object(Config\Paths))
12 SYSTEMPATH/rewrite.php(44): require_once('/Applications/XAMPP/xamppfiles/htdocs/dulceria/public/index.php')
CRITICAL - 2024-08-22 20:25:52 --> CodeIgniter\HTTP\Exceptions\HTTPException: The route for "/marcas" cannot be found.
[Method: GET, Route: marcas/delete/3]
in SYSTEMPATH/HTTP/RedirectResponse.php on line 64.
 1 SYSTEMPATH/HTTP/RedirectResponse.php(64): CodeIgniter\HTTP\Exceptions\HTTPException::forInvalidRedirectRoute('/marcas')
 2 SYSTEMPATH/Common.php(851): CodeIgniter\HTTP\RedirectResponse->route(false)
 3 APPPATH/Controllers/Marcas.php(24): redirect('/marcas')
 4 SYSTEMPATH/CodeIgniter.php(933): App\Controllers\Marcas->delete('3')
 5 SYSTEMPATH/CodeIgniter.php(509): CodeIgniter\CodeIgniter->runController(Object(App\Controllers\Marcas))
 6 SYSTEMPATH/CodeIgniter.php(355): CodeIgniter\CodeIgniter->handleRequest(null, Object(Config\Cache), false)
 7 SYSTEMPATH/Boot.php(325): CodeIgniter\CodeIgniter->run()
 8 SYSTEMPATH/Boot.php(67): CodeIgniter\Boot::runCodeIgniter(Object(CodeIgniter\CodeIgniter))
 9 FCPATH/index.php(56): CodeIgniter\Boot::bootWeb(Object(Config\Paths))
10 SYSTEMPATH/rewrite.php(44): require_once('/Applications/XAMPP/xamppfiles/htdocs/dulceria/public/index.php')
CRITICAL - 2024-08-22 20:26:21 --> CodeIgniter\HTTP\Exceptions\HTTPException: The route for "http://localhost:8080/marcas" cannot be found.
[Method: GET, Route: marcas/delete/3]
in SYSTEMPATH/HTTP/RedirectResponse.php on line 64.
 1 SYSTEMPATH/HTTP/RedirectResponse.php(64): CodeIgniter\HTTP\Exceptions\HTTPException::forInvalidRedirectRoute('http://localhost:8080/marcas')
 2 SYSTEMPATH/Common.php(851): CodeIgniter\HTTP\RedirectResponse->route(false)
 3 APPPATH/Controllers/Marcas.php(24): redirect('http://localhost:8080/marcas')
 4 SYSTEMPATH/CodeIgniter.php(933): App\Controllers\Marcas->delete('3')
 5 SYSTEMPATH/CodeIgniter.php(509): CodeIgniter\CodeIgniter->runController(Object(App\Controllers\Marcas))
 6 SYSTEMPATH/CodeIgniter.php(355): CodeIgniter\CodeIgniter->handleRequest(null, Object(Config\Cache), false)
 7 SYSTEMPATH/Boot.php(325): CodeIgniter\CodeIgniter->run()
 8 SYSTEMPATH/Boot.php(67): CodeIgniter\Boot::runCodeIgniter(Object(CodeIgniter\CodeIgniter))
 9 FCPATH/index.php(56): CodeIgniter\Boot::bootWeb(Object(Config\Paths))
10 SYSTEMPATH/rewrite.php(44): require_once('/Applications/XAMPP/xamppfiles/htdocs/dulceria/public/index.php')
CRITICAL - 2024-08-22 20:26:23 --> CodeIgniter\HTTP\Exceptions\HTTPException: The route for "http://localhost:8080/marcas" cannot be found.
[Method: GET, Route: marcas/delete/4]
in SYSTEMPATH/HTTP/RedirectResponse.php on line 64.
 1 SYSTEMPATH/HTTP/RedirectResponse.php(64): CodeIgniter\HTTP\Exceptions\HTTPException::forInvalidRedirectRoute('http://localhost:8080/marcas')
 2 SYSTEMPATH/Common.php(851): CodeIgniter\HTTP\RedirectResponse->route(false)
 3 APPPATH/Controllers/Marcas.php(24): redirect('http://localhost:8080/marcas')
 4 SYSTEMPATH/CodeIgniter.php(933): App\Controllers\Marcas->delete('4')
 5 SYSTEMPATH/CodeIgniter.php(509): CodeIgniter\CodeIgniter->runController(Object(App\Controllers\Marcas))
 6 SYSTEMPATH/CodeIgniter.php(355): CodeIgniter\CodeIgniter->handleRequest(null, Object(Config\Cache), false)
 7 SYSTEMPATH/Boot.php(325): CodeIgniter\CodeIgniter->run()
 8 SYSTEMPATH/Boot.php(67): CodeIgniter\Boot::runCodeIgniter(Object(CodeIgniter\CodeIgniter))
 9 FCPATH/index.php(56): CodeIgniter\Boot::bootWeb(Object(Config\Paths))
10 SYSTEMPATH/rewrite.php(44): require_once('/Applications/XAMPP/xamppfiles/htdocs/dulceria/public/index.php')
CRITICAL - 2024-08-22 20:28:01 --> CodeIgniter\HTTP\Exceptions\HTTPException: The route for "http://localhost:8080/marcas/" cannot be found.
[Method: GET, Route: marcas/delete/11]
in SYSTEMPATH/HTTP/RedirectResponse.php on line 64.
 1 SYSTEMPATH/HTTP/RedirectResponse.php(64): CodeIgniter\HTTP\Exceptions\HTTPException::forInvalidRedirectRoute('http://localhost:8080/marcas/')
 2 SYSTEMPATH/Common.php(851): CodeIgniter\HTTP\RedirectResponse->route(false)
 3 APPPATH/Controllers/Marcas.php(24): redirect('http://localhost:8080/marcas/', 'refresh')
 4 SYSTEMPATH/CodeIgniter.php(933): App\Controllers\Marcas->delete('11')
 5 SYSTEMPATH/CodeIgniter.php(509): CodeIgniter\CodeIgniter->runController(Object(App\Controllers\Marcas))
 6 SYSTEMPATH/CodeIgniter.php(355): CodeIgniter\CodeIgniter->handleRequest(null, Object(Config\Cache), false)
 7 SYSTEMPATH/Boot.php(325): CodeIgniter\CodeIgniter->run()
 8 SYSTEMPATH/Boot.php(67): CodeIgniter\Boot::runCodeIgniter(Object(CodeIgniter\CodeIgniter))
 9 FCPATH/index.php(56): CodeIgniter\Boot::bootWeb(Object(Config\Paths))
10 SYSTEMPATH/rewrite.php(44): require_once('/Applications/XAMPP/xamppfiles/htdocs/dulceria/public/index.php')
CRITICAL - 2024-08-22 20:30:06 --> CodeIgniter\HTTP\Exceptions\HTTPException: The route for "/marcas" cannot be found.
[Method: GET, Route: marcas/delete/9]
in SYSTEMPATH/HTTP/RedirectResponse.php on line 64.
 1 SYSTEMPATH/HTTP/RedirectResponse.php(64): CodeIgniter\HTTP\Exceptions\HTTPException::forInvalidRedirectRoute('/marcas')
 2 APPPATH/Controllers/Marcas.php(24): CodeIgniter\HTTP\RedirectResponse->route(false)
 3 SYSTEMPATH/CodeIgniter.php(933): App\Controllers\Marcas->delete('9')
 4 SYSTEMPATH/CodeIgniter.php(509): CodeIgniter\CodeIgniter->runController(Object(App\Controllers\Marcas))
 5 SYSTEMPATH/CodeIgniter.php(355): CodeIgniter\CodeIgniter->handleRequest(null, Object(Config\Cache), false)
 6 SYSTEMPATH/Boot.php(325): CodeIgniter\CodeIgniter->run()
 7 SYSTEMPATH/Boot.php(67): CodeIgniter\Boot::runCodeIgniter(Object(CodeIgniter\CodeIgniter))
 8 FCPATH/index.php(56): CodeIgniter\Boot::bootWeb(Object(Config\Paths))
 9 SYSTEMPATH/rewrite.php(44): require_once('/Applications/XAMPP/xamppfiles/htdocs/dulceria/public/index.php')
CRITICAL - 2024-08-22 20:42:42 --> CodeIgniter\Database\Exceptions\DataException: Allowed fields must be specified for model: "App\Models\MarcaM"
[Method: POST, Route: marcas/insert]
in SYSTEMPATH/Model.php on line 824.
 1 SYSTEMPATH/Model.php(824): CodeIgniter\Database\Exceptions\DataException::forInvalidAllowedFields('App\\Models\\MarcaM')
 2 SYSTEMPATH/BaseModel.php(821): CodeIgniter\Model->doProtectFieldsForInsert([...])
 3 SYSTEMPATH/Model.php(802): CodeIgniter\BaseModel->insert([...], true)
 4 APPPATH/Controllers/Marcas.php(33): CodeIgniter\Model->insert([...])
 5 SYSTEMPATH/CodeIgniter.php(933): App\Controllers\Marcas->insert()
 6 SYSTEMPATH/CodeIgniter.php(509): CodeIgniter\CodeIgniter->runController(Object(App\Controllers\Marcas))
 7 SYSTEMPATH/CodeIgniter.php(355): CodeIgniter\CodeIgniter->handleRequest(null, Object(Config\Cache), false)
 8 SYSTEMPATH/Boot.php(325): CodeIgniter\CodeIgniter->run()
 9 SYSTEMPATH/Boot.php(67): CodeIgniter\Boot::runCodeIgniter(Object(CodeIgniter\CodeIgniter))
10 FCPATH/index.php(56): CodeIgniter\Boot::bootWeb(Object(Config\Paths))
11 SYSTEMPATH/rewrite.php(44): require_once('/Applications/XAMPP/xamppfiles/htdocs/dulceria/public/index.php')
