CRITICAL - 2024-08-26 19:42:29 --> CodeIgniter\Database\Exceptions\DataException: There is no data to update.
[Method: POST, Route: marcas/update/]
in SYSTEMPATH/BaseModel.php on line 1833.
 1 SYSTEMPATH/BaseModel.php(1833): CodeIgniter\Database\Exceptions\DataException::forEmptyDataset('update')
 2 SYSTEMPATH/BaseModel.php(997): CodeIgniter\BaseModel->transformDataToArray(null, 'update')
 3 SYSTEMPATH/Model.php(865): CodeIgniter\BaseModel->update([...], null)
 4 APPPATH/Controllers/Marcas.php(47): CodeIgniter\Model->update([...])
 5 SYSTEMPATH/CodeIgniter.php(933): App\Controllers\Marcas->update('')
 6 SYSTEMPATH/CodeIgniter.php(509): CodeIgniter\CodeIgniter->runController(Object(App\Controllers\Marcas))
 7 SYSTEMPATH/CodeIgniter.php(355): CodeIgniter\CodeIgniter->handleRequest(null, Object(Config\Cache), false)
 8 SYSTEMPATH/Boot.php(325): CodeIgniter\CodeIgniter->run()
 9 SYSTEMPATH/Boot.php(67): CodeIgniter\Boot::runCodeIgniter(Object(CodeIgniter\CodeIgniter))
10 FCPATH/index.php(56): CodeIgniter\Boot::bootWeb(Object(Config\Paths))
11 SYSTEMPATH/rewrite.php(44): require_once('/Applications/XAMPP/xamppfiles/htdocs/dulceria/public/index.php')
CRITICAL - 2024-08-26 19:43:18 --> CodeIgniter\Database\Exceptions\DataException: There is no data to update.
[Method: POST, Route: marcas/update/]
in SYSTEMPATH/BaseModel.php on line 1833.
 1 SYSTEMPATH/BaseModel.php(1833): CodeIgniter\Database\Exceptions\DataException::forEmptyDataset('update')
 2 SYSTEMPATH/BaseModel.php(997): CodeIgniter\BaseModel->transformDataToArray(null, 'update')
 3 SYSTEMPATH/Model.php(865): CodeIgniter\BaseModel->update([...], null)
 4 APPPATH/Controllers/Marcas.php(47): CodeIgniter\Model->update([...])
 5 SYSTEMPATH/CodeIgniter.php(933): App\Controllers\Marcas->update('')
 6 SYSTEMPATH/CodeIgniter.php(509): CodeIgniter\CodeIgniter->runController(Object(App\Controllers\Marcas))
 7 SYSTEMPATH/CodeIgniter.php(355): CodeIgniter\CodeIgniter->handleRequest(null, Object(Config\Cache), false)
 8 SYSTEMPATH/Boot.php(325): CodeIgniter\CodeIgniter->run()
 9 SYSTEMPATH/Boot.php(67): CodeIgniter\Boot::runCodeIgniter(Object(CodeIgniter\CodeIgniter))
10 FCPATH/index.php(56): CodeIgniter\Boot::bootWeb(Object(Config\Paths))
11 SYSTEMPATH/rewrite.php(44): require_once('/Applications/XAMPP/xamppfiles/htdocs/dulceria/public/index.php')
CRITICAL - 2024-08-26 19:45:56 --> CodeIgniter\Database\Exceptions\DataException: There is no data to update.
[Method: POST, Route: marcas/update/]
in SYSTEMPATH/BaseModel.php on line 1833.
 1 SYSTEMPATH/BaseModel.php(1833): CodeIgniter\Database\Exceptions\DataException::forEmptyDataset('update')
 2 SYSTEMPATH/BaseModel.php(997): CodeIgniter\BaseModel->transformDataToArray(null, 'update')
 3 SYSTEMPATH/Model.php(865): CodeIgniter\BaseModel->update([...], null)
 4 APPPATH/Controllers/Marcas.php(47): CodeIgniter\Model->update([...])
 5 SYSTEMPATH/CodeIgniter.php(933): App\Controllers\Marcas->update('')
 6 SYSTEMPATH/CodeIgniter.php(509): CodeIgniter\CodeIgniter->runController(Object(App\Controllers\Marcas))
 7 SYSTEMPATH/CodeIgniter.php(355): CodeIgniter\CodeIgniter->handleRequest(null, Object(Config\Cache), false)
 8 SYSTEMPATH/Boot.php(325): CodeIgniter\CodeIgniter->run()
 9 SYSTEMPATH/Boot.php(67): CodeIgniter\Boot::runCodeIgniter(Object(CodeIgniter\CodeIgniter))
10 FCPATH/index.php(56): CodeIgniter\Boot::bootWeb(Object(Config\Paths))
11 SYSTEMPATH/rewrite.php(44): require_once('/Applications/XAMPP/xamppfiles/htdocs/dulceria/public/index.php')
CRITICAL - 2024-08-26 19:48:48 --> CodeIgniter\Database\Exceptions\DataException: There is no data to update.
[Method: POST, Route: marcas/update/]
in SYSTEMPATH/BaseModel.php on line 1833.
 1 SYSTEMPATH/BaseModel.php(1833): CodeIgniter\Database\Exceptions\DataException::forEmptyDataset('update')
 2 SYSTEMPATH/BaseModel.php(997): CodeIgniter\BaseModel->transformDataToArray(null, 'update')
 3 SYSTEMPATH/Model.php(865): CodeIgniter\BaseModel->update([...], null)
 4 APPPATH/Controllers/Marcas.php(47): CodeIgniter\Model->update([...])
 5 SYSTEMPATH/CodeIgniter.php(933): App\Controllers\Marcas->update('')
 6 SYSTEMPATH/CodeIgniter.php(509): CodeIgniter\CodeIgniter->runController(Object(App\Controllers\Marcas))
 7 SYSTEMPATH/CodeIgniter.php(355): CodeIgniter\CodeIgniter->handleRequest(null, Object(Config\Cache), false)
 8 SYSTEMPATH/Boot.php(325): CodeIgniter\CodeIgniter->run()
 9 SYSTEMPATH/Boot.php(67): CodeIgniter\Boot::runCodeIgniter(Object(CodeIgniter\CodeIgniter))
10 FCPATH/index.php(56): CodeIgniter\Boot::bootWeb(Object(Config\Paths))
11 SYSTEMPATH/rewrite.php(44): require_once('/Applications/XAMPP/xamppfiles/htdocs/dulceria/public/index.php')
